<?xml version="1.0" encoding="UTF-8"?>
<!-- Generated by org.testng.reporters.JUnitReportReporter -->
<testsuite hostname="DESKTOP-2SGPBKM" failures="0" tests="2" name="main.AutomationProject.AppTest" time="25.522" errors="0" timestamp="2024-07-06T23:56:55 IST" skipped="0">
  <testcase classname="main.AutomationProject.AppTest" name="Login" time="21.328"/>
  <system-out/>
  <testcase classname="main.AutomationProject.AppTest" name="verification" time="4.194"/>
  <system-out/>
</testsuite> <!-- main.AutomationProject.AppTest -->
