<?xml version="1.0" encoding="UTF-8"?>
<!-- Generated by org.testng.reporters.JUnitReportReporter -->
<testsuite hostname="DESKTOP-2SGPBKM" failures="0" tests="2" name="main.AutomationProject.App" time="4.263" errors="0" timestamp="2024-07-06T23:47:36 IST" skipped="0">
  <testcase classname="main.AutomationProject.App" name="testSomeOtherFunctionality" time="0.002"/>
  <system-out/>
  <testcase classname="main.AutomationProject.App" name="testLogin" time="4.261"/>
  <system-out/>
</testsuite> <!-- main.AutomationProject.App -->
